ISim log file
Running: F:\Si_VISION_INTERN\Assignment\Code\SPI_SLAVE\SPI_SLAVE_TEST_isim_beh.exe -intstyle ise -gui -tclbatch isim.cmd -wdb F:/Si_VISION_INTERN/Assignment/Code/SPI_SLAVE/SPI_SLAVE_TEST_isim_beh.wdb 
ISim P.20131013 (signature 0x7708f090)
This is a Full version of ISim.
Time resolution is 1 ps
# onerror resume
# wave add /
# run 1000 ns
Simulator is doing circuit initialization process.
Finished circuit initialization process.
*** TEST CASE 1 -> Write /Read Operation ***
Write and read are PASSED
# restart
# run all
Simulator is doing circuit initialization process.
Finished circuit initialization process.
*** TEST CASE 1 -> Write /Read Operation ***
Write and read are PASSED
Multi Write and read are PASSED
Stopped at time : 12807365 ns : File "F:/Si_VISION_INTERN/Assignment/Code/SPI_SLAVE/SPI_SLAVE_TEST.v" Line 53
