Release 14.7 - xst P.20131013 (nt64)
Copyright (c) 1995-2013 Xilinx, Inc.  All rights reserved.
--> Parameter TMPDIR set to xst/projnav.tmp


Total REAL time to Xst completion: 1.00 secs
Total CPU time to Xst completion: 0.31 secs
 
--> Parameter xsthdpdir set to xst


Total REAL time to Xst completion: 1.00 secs
Total CPU time to Xst completion: 0.32 secs
 
--> Reading design: SPI_SLAVE.prj

TABLE OF CONTENTS
  1) Synthesis Options Summary
  2) HDL Parsing
  3) HDL Elaboration
  4) HDL Synthesis
       4.1) HDL Synthesis Report
  5) Advanced HDL Synthesis
       5.1) Advanced HDL Synthesis Report
  6) Low Level Synthesis
  7) Partition Report
  8) Design Summary
       8.1) Primitive and Black Box Usage
       8.2) Device utilization summary
       8.3) Partition Resource Summary
       8.4) Timing Report
            8.4.1) Clock Information
            8.4.2) Asynchronous Control Signals Information
            8.4.3) Timing Summary
            8.4.4) Timing Details
            8.4.5) Cross Clock Domains Report


=========================================================================
*                      Synthesis Options Summary                        *
=========================================================================
---- Source Parameters
Input File Name                    : "SPI_SLAVE.prj"
Ignore Synthesis Constraint File   : NO

---- Target Parameters
Output File Name                   : "SPI_SLAVE"
Output Format                      : NGC
Target Device                      : xc6slx4-3-tqg144

---- Source Options
Top Module Name                    : SPI_SLAVE
Automatic FSM Extraction           : YES
FSM Encoding Algorithm             : Auto
Safe Implementation                : No
FSM Style                          : LUT
RAM Extraction                     : Yes
RAM Style                          : Auto
ROM Extraction                     : Yes
Shift Register Extraction          : YES
ROM Style                          : Auto
Resource Sharing                   : YES
Asynchronous To Synchronous        : NO
Shift Register Minimum Size        : 2
Use DSP Block                      : Auto
Automatic Register Balancing       : No

---- Target Options
LUT Combining                      : Auto
Reduce Control Sets                : Auto
Add IO Buffers                     : YES
Global Maximum Fanout              : 100000
Add Generic Clock Buffer(BUFG)     : 16
Register Duplication               : YES
Optimize Instantiated Primitives   : NO
Use Clock Enable                   : Auto
Use Synchronous Set                : Auto
Use Synchronous Reset              : Auto
Pack IO Registers into IOBs        : Auto
Equivalent register Removal        : YES

---- General Options
Optimization Goal                  : Speed
Optimization Effort                : 1
Power Reduction                    : NO
Keep Hierarchy                     : No
Netlist Hierarchy                  : As_Optimized
RTL Output                         : Yes
Global Optimization                : AllClockNets
Read Cores                         : YES
Write Timing Constraints           : NO
Cross Clock Analysis               : NO
Hierarchy Separator                : /
Bus Delimiter                      : <>
Case Specifier                     : Maintain
Slice Utilization Ratio            : 100
BRAM Utilization Ratio             : 100
DSP48 Utilization Ratio            : 100
Auto BRAM Packing                  : NO
Slice Utilization Ratio Delta      : 5

=========================================================================


=========================================================================
*                          HDL Parsing                                  *
=========================================================================
Analyzing Verilog file "F:\Si_VISION_INTERN\Assignment\Code\SPI_SLAVE\SPI_SLAVE_DP.v" into library work
Parsing module <SPI_SLAVE_DP>.
Analyzing Verilog file "F:\Si_VISION_INTERN\Assignment\Code\SPI_SLAVE\SPI_SLAVE_CU.v" into library work
Parsing module <SPI_SLAVE_CU>.
Analyzing Verilog file "F:\Si_VISION_INTERN\Assignment\Code\SPI_SLAVE\SPI_SLAVE.v" into library work
Parsing module <SPI_SLAVE>.

=========================================================================
*                            HDL Elaboration                            *
=========================================================================

Elaborating module <SPI_SLAVE>.

Elaborating module <SPI_SLAVE_CU>.

Elaborating module <SPI_SLAVE_DP>.

=========================================================================
*                           HDL Synthesis                               *
=========================================================================

Synthesizing Unit <SPI_SLAVE>.
    Related source file is "F:\Si_VISION_INTERN\Assignment\Code\SPI_SLAVE\SPI_SLAVE.v".
    Summary:
	no macro.
Unit <SPI_SLAVE> synthesized.

Synthesizing Unit <SPI_SLAVE_CU>.
    Related source file is "F:\Si_VISION_INTERN\Assignment\Code\SPI_SLAVE\SPI_SLAVE_CU.v".
    Found 3-bit register for signal <state_reg>.
    Found finite state machine <FSM_0> for signal <state_reg>.
    -----------------------------------------------------------------------
    | States             | 5                                              |
    | Transitions        | 11                                             |
    | Inputs             | 3                                              |
    | Outputs            | 7                                              |
    | Clock              | SCLK (rising_edge)                             |
    | Reset              | CS (positive)                                  |
    | Reset type         | asynchronous                                   |
    | Reset State        | 000                                            |
    | Encoding           | auto                                           |
    | Implementation     | LUT                                            |
    -----------------------------------------------------------------------
    Summary:
	inferred  19 Multiplexer(s).
	inferred   1 Finite State Machine(s).
Unit <SPI_SLAVE_CU> synthesized.

Synthesizing Unit <SPI_SLAVE_DP>.
    Related source file is "F:\Si_VISION_INTERN\Assignment\Code\SPI_SLAVE\SPI_SLAVE_DP.v".
        DATA_WIDTH = 8
        ADDRESS_BUS = 8
    Found 256x8-bit single-port RAM <Mram_RegFile> for signal <RegFile>.
    Found 1-bit register for signal <CMP_OUT>.
    Found 8-bit register for signal <IN_SHIFT_REG>.
    Found 8-bit register for signal <OUTPUT_SHIFT_REG>.
    Found 8-bit register for signal <Address_reg>.
    Found 3-bit register for signal <Counter_reg>.
    Found 8-bit adder for signal <Address_reg[7]_GND_3_o_add_6_OUT> created at line 71.
    Found 3-bit adder for signal <Counter_reg[2]_GND_3_o_add_20_OUT> created at line 136.
    Summary:
	inferred   1 RAM(s).
	inferred   2 Adder/Subtractor(s).
	inferred  28 D-type flip-flop(s).
	inferred   3 Multiplexer(s).
Unit <SPI_SLAVE_DP> synthesized.

=========================================================================
HDL Synthesis Report

Macro Statistics
# RAMs                                                 : 1
 256x8-bit single-port RAM                             : 1
# Adders/Subtractors                                   : 2
 3-bit adder                                           : 1
 8-bit adder                                           : 1
# Registers                                            : 5
 1-bit register                                        : 1
 3-bit register                                        : 1
 8-bit register                                        : 3
# Multiplexers                                         : 22
 1-bit 2-to-1 multiplexer                              : 19
 8-bit 2-to-1 multiplexer                              : 3
# FSMs                                                 : 1

=========================================================================

=========================================================================
*                       Advanced HDL Synthesis                          *
=========================================================================


Synthesizing (advanced) Unit <SPI_SLAVE_DP>.
The following registers are absorbed into counter <Address_reg>: 1 register on signal <Address_reg>.
The following registers are absorbed into counter <Counter_reg>: 1 register on signal <Counter_reg>.
INFO:Xst:3217 - HDL ADVISOR - Register <OUTPUT_SHIFT_REG> currently described with an asynchronous reset, could be combined with distributed RAM <Mram_RegFile> for implementation on block RAM resources if you made this reset synchronous instead.
    -----------------------------------------------------------------------
    | ram_type           | Distributed                         |          |
    -----------------------------------------------------------------------
    | Port A                                                              |
    |     aspect ratio   | 256-word x 8-bit                    |          |
    |     clkA           | connected to signal <SCLK>          | fall     |
    |     weA            | connected to signal <WRITE_EN>      | high     |
    |     addrA          | connected to signal <RegFileAddress> |          |
    |     diA            | connected to signal <IN_SHIFT_REG>  |          |
    |     doA            | connected to internal node          |          |
    -----------------------------------------------------------------------
INFO:Xst:3218 - HDL ADVISOR - The RAM <Mram_RegFile> will be implemented on LUTs either because you have described an asynchronous read or because of currently unsupported block RAM features. If you have described an asynchronous read, making it synchronous would allow you to take advantage of available block RAM resources, for optimized device usage and improved timings. Please refer to your documentation for coding guidelines.
Unit <SPI_SLAVE_DP> synthesized (advanced).

=========================================================================
Advanced HDL Synthesis Report

Macro Statistics
# RAMs                                                 : 1
 256x8-bit single-port distributed RAM                 : 1
# Counters                                             : 2
 3-bit up counter                                      : 1
 8-bit up counter                                      : 1
# Registers                                            : 17
 Flip-Flops                                            : 17
# Multiplexers                                         : 21
 1-bit 2-to-1 multiplexer                              : 19
 8-bit 2-to-1 multiplexer                              : 2
# FSMs                                                 : 1

=========================================================================

=========================================================================
*                         Low Level Synthesis                           *
=========================================================================
Analyzing FSM <MFsm> for best encoding.
Optimizing FSM <ControlUnit/FSM_0> on signal <state_reg[1:3]> with user encoding.
-------------------
 State | Encoding
-------------------
 000   | 000
 001   | 001
 010   | 010
 011   | 011
 100   | 100
-------------------

Optimizing unit <SPI_SLAVE> ...

Optimizing unit <SPI_SLAVE_DP> ...

Optimizing unit <SPI_SLAVE_CU> ...

Mapping all equations...
Building and optimizing final netlist ...
Found area constraint ratio of 100 (+ 5) on block SPI_SLAVE, actual ratio is 2.

Final Macro Processing ...

=========================================================================
Final Register Report

Macro Statistics
# Registers                                            : 31
 Flip-Flops                                            : 31

=========================================================================

=========================================================================
*                           Partition Report                            *
=========================================================================

Partition Implementation Status
-------------------------------

  No Partitions were found in this design.

-------------------------------

=========================================================================
*                            Design Summary                             *
=========================================================================

Top Level Output File Name         : SPI_SLAVE.ngc

Primitive and Black Box Usage:
------------------------------
# BELS                             : 62
#      GND                         : 1
#      INV                         : 2
#      LUT2                        : 1
#      LUT3                        : 6
#      LUT4                        : 1
#      LUT5                        : 18
#      LUT6                        : 17
#      MUXCY                       : 7
#      MUXF7                       : 1
#      XORCY                       : 8
# FlipFlops/Latches                : 31
#      FDC                         : 3
#      FDC_1                       : 8
#      FDCE                        : 20
# RAMS                             : 8
#      RAM256X1S                   : 8
# Clock Buffers                    : 1
#      BUFGP                       : 1
# IO Buffers                       : 3
#      IBUF                        : 2
#      OBUF                        : 1

Device utilization summary:
---------------------------

Selected Device : 6slx4tqg144-3 


Slice Logic Utilization: 
 Number of Slice Registers:              31  out of   4800     0%  
 Number of Slice LUTs:                   77  out of   2400     3%  
    Number used as Logic:                45  out of   2400     1%  
    Number used as Memory:               32  out of   1200     2%  
       Number used as RAM:               32

Slice Logic Distribution: 
 Number of LUT Flip Flop pairs used:     79
   Number with an unused Flip Flop:      48  out of     79    60%  
   Number with an unused LUT:             2  out of     79     2%  
   Number of fully used LUT-FF pairs:    29  out of     79    36%  
   Number of unique control sets:         5

IO Utilization: 
 Number of IOs:                           4
 Number of bonded IOBs:                   4  out of    102     3%  

Specific Feature Utilization:
 Number of BUFG/BUFGCTRLs:                1  out of     16     6%  

---------------------------
Partition Resource Summary:
---------------------------

  No Partitions were found in this design.

---------------------------


=========================================================================
Timing Report

NOTE: THESE TIMING NUMBERS ARE ONLY A SYNTHESIS ESTIMATE.
      FOR ACCURATE TIMING INFORMATION PLEASE REFER TO THE TRACE REPORT
      GENERATED AFTER PLACE-and-ROUTE.

Clock Information:
------------------
-----------------------------------+------------------------+-------+
Clock Signal                       | Clock buffer(FF name)  | Load  |
-----------------------------------+------------------------+-------+
SCLK                               | BUFGP                  | 39    |
-----------------------------------+------------------------+-------+

Asynchronous Control Signals Information:
----------------------------------------
No asynchronous control signals found in this design

Timing Summary:
---------------
Speed Grade: -3

   Minimum period: 7.795ns (Maximum Frequency: 128.291MHz)
   Minimum input arrival time before clock: 5.333ns
   Maximum output required time after clock: 3.634ns
   Maximum combinational path delay: No path found

Timing Details:
---------------
All values displayed in nanoseconds (ns)

=========================================================================
Timing constraint: Default period analysis for Clock 'SCLK'
  Clock period: 7.795ns (frequency: 128.291MHz)
  Total number of paths / destination ports: 1007 / 130
-------------------------------------------------------------------------
Delay:               3.897ns (Levels of Logic = 3)
  Source:            data_Path/Counter_reg_2 (FF)
  Destination:       data_Path/OUTPUT_SHIFT_REG_7 (FF)
  Source Clock:      SCLK rising
  Destination Clock: SCLK falling

  Data Path: data_Path/Counter_reg_2 to data_Path/OUTPUT_SHIFT_REG_7
                                Gate     Net
    Cell:in->out      fanout   Delay   Delay  Logical Name (Net Name)
    ----------------------------------------  ------------
     FDCE:C->Q             7   0.447   1.002  data_Path/Counter_reg_2 (data_Path/Counter_reg_2)
     LUT3:I0->O           14   0.205   0.958  data_Path/CNT_TICK<2>1 (CNT_TICK)
     LUT5:I4->O            7   0.205   0.774  ControlUnit/Mmux_OUT_SHIFT_EN11 (OUT_SHIFT_EN)
     LUT5:I4->O            1   0.205   0.000  data_Path/OUTPUT_SHIFT_REG_7_rstpot (data_Path/OUTPUT_SHIFT_REG_7_rstpot)
     FDC_1:D                   0.102          data_Path/OUTPUT_SHIFT_REG_7
    ----------------------------------------
    Total                      3.897ns (1.164ns logic, 2.733ns route)
                                       (29.9% logic, 70.1% route)

=========================================================================
Timing constraint: Default OFFSET IN BEFORE for Clock 'SCLK'
  Total number of paths / destination ports: 82 / 67
-------------------------------------------------------------------------
Offset:              5.333ns (Levels of Logic = 3)
  Source:            CS (PAD)
  Destination:       data_Path/Address_reg_7 (FF)
  Destination Clock: SCLK rising

  Data Path: CS to data_Path/Address_reg_7
                                Gate     Net
    Cell:in->out      fanout   Delay   Delay  Logical Name (Net Name)
    ----------------------------------------  ------------
     IBUF:I->O            40   1.222   1.750  CS_IBUF (CS_IBUF)
     LUT5:I0->O            9   0.203   0.830  ControlUnit/Mmux_ADD_INCREMENT121 (WRITE_EN)
     LUT6:I5->O            8   0.205   0.802  data_Path/_n0061_inv (data_Path/_n0061_inv)
     FDCE:CE                   0.322          data_Path/Address_reg_0
    ----------------------------------------
    Total                      5.333ns (1.952ns logic, 3.381ns route)
                                       (36.6% logic, 63.4% route)

=========================================================================
Timing constraint: Default OFFSET OUT AFTER for Clock 'SCLK'
  Total number of paths / destination ports: 1 / 1
-------------------------------------------------------------------------
Offset:              3.634ns (Levels of Logic = 1)
  Source:            data_Path/OUTPUT_SHIFT_REG_7 (FF)
  Destination:       MISO (PAD)
  Source Clock:      SCLK falling

  Data Path: data_Path/OUTPUT_SHIFT_REG_7 to MISO
                                Gate     Net
    Cell:in->out      fanout   Delay   Delay  Logical Name (Net Name)
    ----------------------------------------  ------------
     FDC_1:C->Q            2   0.447   0.616  data_Path/OUTPUT_SHIFT_REG_7 (data_Path/OUTPUT_SHIFT_REG_7)
     OBUF:I->O                 2.571          MISO_OBUF (MISO)
    ----------------------------------------
    Total                      3.634ns (3.018ns logic, 0.616ns route)
                                       (83.0% logic, 17.0% route)

=========================================================================

Cross Clock Domains Report:
--------------------------

Clock to Setup on destination clock SCLK
---------------+---------+---------+---------+---------+
               | Src:Rise| Src:Fall| Src:Rise| Src:Fall|
Source Clock   |Dest:Rise|Dest:Rise|Dest:Fall|Dest:Fall|
---------------+---------+---------+---------+---------+
SCLK           |    4.975|         |    3.897|         |
---------------+---------+---------+---------+---------+

=========================================================================


Total REAL time to Xst completion: 12.00 secs
Total CPU time to Xst completion: 11.51 secs
 
--> 

Total memory usage is 4494012 kilobytes

Number of errors   :    0 (   0 filtered)
Number of warnings :    0 (   0 filtered)
Number of infos    :    2 (   0 filtered)

